14:14:39.840 INFO - Launching a standalone Selenium Server
Setting system property webdriver.chrome.driver to ./node_modules/chromedriver/lib/chromedriver/chromedriver
14:14:39.877 INFO - Java: Oracle Corporation 25.101-b13
14:14:39.877 INFO - OS: Mac OS X 10.11.5 x86_64
14:14:39.889 INFO - v2.53.1, with Core v2.53.1. Built from revision a36b8b1
14:14:39.966 INFO - Driver provider org.openqa.selenium.ie.InternetExplorerDriver registration is skipped:
registration capabilities Capabilities [{ensureCleanSession=true, browserName=internet explorer, version=, platform=WINDOWS}] does not match the current platform MAC
14:14:39.966 INFO - Driver provider org.openqa.selenium.edge.EdgeDriver registration is skipped:
registration capabilities Capabilities [{browserName=MicrosoftEdge, version=, platform=WINDOWS}] does not match the current platform MAC
14:14:39.967 INFO - Driver class not found: com.opera.core.systems.OperaDriver
14:14:39.967 INFO - Driver provider com.opera.core.systems.OperaDriver is not registered
14:14:39.969 INFO - Driver class not found: org.openqa.selenium.htmlunit.HtmlUnitDriver
14:14:39.970 INFO - Driver provider org.openqa.selenium.htmlunit.HtmlUnitDriver is not registered
14:14:40.034 INFO - RemoteWebDriver instances should connect to: http://127.0.0.1:5555/wd/hub
14:14:40.034 INFO - Selenium Server is up and running
14:14:40.328 INFO - Executing: [new session: Capabilities [{acceptSslCerts=true, name=Visit Scotland, browserName=chrome, javascriptEnabled=true, platform=ANY}]])
14:14:40.339 INFO - Creating a new session for Capabilities [{acceptSslCerts=true, name=Visit Scotland, browserName=chrome, javascriptEnabled=true, platform=ANY}]
Starting ChromeDriver 2.23.409710 (0c4084804897ac45b5ff65a690ec6583b97225c0) on port 6378
Only local connections are allowed.
14:14:41.528 INFO - Done: [new session: Capabilities [{acceptSslCerts=true, name=Visit Scotland, browserName=chrome, javascriptEnabled=true, platform=ANY}]]
14:14:41.545 INFO - Executing: [get: http://www.visitscotland.com])
14:14:45.197 INFO - Done: [get: http://www.visitscotland.com]
14:14:45.210 INFO - Executing: [find elements: By.cssSelector: body])
14:14:45.540 INFO - Done: [find elements: By.cssSelector: body]
14:14:45.547 INFO - Executing: [is displayed: 0 [[ChromeDriver: chrome on MAC (e42e01ad3e64145622ca038f5fcf8637)] -> css selector: body]])
14:14:45.758 INFO - Done: [is displayed: 0 [[ChromeDriver: chrome on MAC (e42e01ad3e64145622ca038f5fcf8637)] -> css selector: body]]
14:14:46.772 INFO - Executing: [find element: By.cssSelector: .title])
14:14:46.789 INFO - Done: [find element: By.cssSelector: .title]
14:14:46.792 INFO - Executing: [get text: 1 [[ChromeDriver: chrome on MAC (e42e01ad3e64145622ca038f5fcf8637)] -> css selector: .title]])
14:14:46.812 INFO - Done: [get text: 1 [[ChromeDriver: chrome on MAC (e42e01ad3e64145622ca038f5fcf8637)] -> css selector: .title]]
14:14:46.816 INFO - Executing: [delete session: 23fb8e39-a17f-4753-b4fd-056fc99cd0fe])
14:14:46.901 INFO - Done: [delete session: 23fb8e39-a17f-4753-b4fd-056fc99cd0fe]
